<?xml version="1.0" encoding="UTF-8"?>
<testng-results ignored="0" total="1" passed="1" failed="0" skipped="0">
  <reporter-output>
  </reporter-output>
  <suite started-at="2021-09-12T13:42:46 IST" name="Default suite" finished-at="2021-09-12T13:42:46 IST" duration-ms="77">
    <groups>
    </groups>
    <test started-at="2021-09-12T13:42:46 IST" name="Default test" finished-at="2021-09-12T13:42:46 IST" duration-ms="77">
      <class name="TeamLeadAjay.TeamLeadAjay.code1">
        <test-method signature="hi()[pri:0, instance:TeamLeadAjay.TeamLeadAjay.code1@52102734]" started-at="2021-09-12T13:42:46 IST" name="hi" finished-at="2021-09-12T13:42:46 IST" duration-ms="14" status="PASS">
          <reporter-output>
          </reporter-output>
        </test-method> <!-- hi -->
      </class> <!-- TeamLeadAjay.TeamLeadAjay.code1 -->
    </test> <!-- Default test -->
  </suite> <!-- Default suite -->
</testng-results>
